{"name": "test_products_group", "status": "skipped", "statusDetails": {"message": "XFAIL Wait for fix bug\n\nselenium.common.exceptions.ElementClickInterceptedException: Message: element click intercepted: Element <a href=\"https://test.qa.studio?products_group=sale\" class=\"tab-sale \">...</a> is not clickable at point (623, 598). Other element would receive the click: <div class=\"catalog-toolbar-tabs__content\">...</div>\n  (Session info: chrome=106.0.5249.119)\nStacktrace:\nBacktrace:\n\tOrdinal0 [0x00C81ED3+2236115]\n\tOrdinal0 [0x00C192F1+1807089]\n\tOrdinal0 [0x00B266FD+812797]\n\tOrdinal0 [0x00B5BEC7+1031879]\n\tOrdinal0 [0x00B59E6C+1023596]\n\tOrdinal0 [0x00B57A5B+1014363]\n\tOrdinal0 [0x00B566E7+1009383]\n\tOrdinal0 [0x00B4C416+967702]\n\tOrdinal0 [0x00B71A8C+1120908]\n\tOrdinal0 [0x00B4BD84+966020]\n\tOrdinal0 [0x00B71CA4+1121444]\n\tOrdinal0 [0x00B859E2+1202658]\n\tOrdinal0 [0x00B718A6+1120422]\n\tOrdinal0 [0x00B4A73D+960317]\n\tOrdinal0 [0x00B4B71F+964383]\n\tGetHandleVerifier [0x00F2E7E2+2743074]\n\tGetHandleVerifier [0x00F208D4+2685972]\n\tGetHandleVerifier [0x00D12BAA+532202]\n\tGetHandleVerifier [0x00D11990+527568]\n\tOrdinal0 [0x00C2080C+1837068]\n\tOrdinal0 [0x00C24CD8+1854680]\n\tOrdinal0 [0x00C24DC5+1854917]\n\tOrdinal0 [0x00C2ED64+1895780]\n\tBaseThreadInitThunk [0x76D4FA29+25]\n\tRtlGetAppContainerNamedObjectPath [0x77007A9E+286]\n\tRtlGetAppContainerNamedObjectPath [0x77007A6E+238]", "trace": "tests\\test_shop.py:46: in test_products_group\n    element.click()\n        browser    = <selenium.webdriver.chrome.webdriver.WebDriver (session=\"ab6d630df002d773f7a706d1c25bf4ae\")>\n        element    = <selenium.webdriver.remote.webelement.WebElement (session=\"ab6d630df002d773f7a706d1c25bf4ae\", element=\"ef625711-8db6-4706-9fee-90f68a76350f\")>\n        elements   = [<selenium.webdriver.remote.webelement.WebElement (session=\"ab6d630df002d773f7a706d1c25bf4ae\", element=\"5ebd410b-a7ad-...te.webelement.WebElement (session=\"ab6d630df002d773f7a706d1c25bf4ae\", element=\"b4f17628-7716-4eae-a531-dadedf0a6efa\")>]\n        expected_menu = [('Все', '', \"[class='tab-all active']\"), ('Бестселлеры', '/?products_group=best_sellers', \"[class='tab-best_sellers '... '/?products_group=new', \"[class='tab-new ']\"), ('Распродажа товаров', '/?products_group=sale', \"[class='tab-sale ']\")]\n        item       = ('Распродажа товаров', '/?products_group=sale', \"[class='tab-sale ']\")\n        menu_element = \"[class='catalog-toolbar-tabs__content'] a\"\n..\\..\\AppData\\Local\\Programs\\Python\\Python310\\lib\\site-packages\\selenium\\webdriver\\remote\\webelement.py:88: in click\n    self._execute(Command.CLICK_ELEMENT)\n        self       = <selenium.webdriver.remote.webelement.WebElement (session=\"ab6d630df002d773f7a706d1c25bf4ae\", element=\"ef625711-8db6-4706-9fee-90f68a76350f\")>\n..\\..\\AppData\\Local\\Programs\\Python\\Python310\\lib\\site-packages\\selenium\\webdriver\\remote\\webelement.py:396: in _execute\n    return self._parent.execute(command, params)\n        command    = 'clickElement'\n        params     = {'id': 'ef625711-8db6-4706-9fee-90f68a76350f', 'sessionId': 'ab6d630df002d773f7a706d1c25bf4ae'}\n        self       = <selenium.webdriver.remote.webelement.WebElement (session=\"ab6d630df002d773f7a706d1c25bf4ae\", element=\"ef625711-8db6-4706-9fee-90f68a76350f\")>\n..\\..\\AppData\\Local\\Programs\\Python\\Python310\\lib\\site-packages\\selenium\\webdriver\\remote\\webdriver.py:428: in execute\n    self.error_handler.check_response(response)\n        driver_command = 'clickElement'\n        params     = {'id': 'ef625711-8db6-4706-9fee-90f68a76350f'}\n        response   = {'status': 400, 'value': '{\"value\":{\"error\":\"element click intercepted\",\"message\":\"element click intercepted: Element ...\\n\\\\tRtlGetAppContainerNamedObjectPath [0x77007A9E+286]\\\\n\\\\tRtlGetAppContainerNamedObjectPath [0x77007A6E+238]\\\\n\"}}'}\n        self       = <selenium.webdriver.chrome.webdriver.WebDriver (session=\"ab6d630df002d773f7a706d1c25bf4ae\")>\n..\\..\\AppData\\Local\\Programs\\Python\\Python310\\lib\\site-packages\\selenium\\webdriver\\remote\\errorhandler.py:243: in check_response\n    raise exception_class(message, screen, stacktrace)\nE   selenium.common.exceptions.ElementClickInterceptedException: Message: element click intercepted: Element <a href=\"https://test.qa.studio?products_group=sale\" class=\"tab-sale \">...</a> is not clickable at point (623, 598). Other element would receive the click: <div class=\"catalog-toolbar-tabs__content\">...</div>\nE     (Session info: chrome=106.0.5249.119)\nE   Stacktrace:\nE   Backtrace:\nE   \tOrdinal0 [0x00C81ED3+2236115]\nE   \tOrdinal0 [0x00C192F1+1807089]\nE   \tOrdinal0 [0x00B266FD+812797]\nE   \tOrdinal0 [0x00B5BEC7+1031879]\nE   \tOrdinal0 [0x00B59E6C+1023596]\nE   \tOrdinal0 [0x00B57A5B+1014363]\nE   \tOrdinal0 [0x00B566E7+1009383]\nE   \tOrdinal0 [0x00B4C416+967702]\nE   \tOrdinal0 [0x00B71A8C+1120908]\nE   \tOrdinal0 [0x00B4BD84+966020]\nE   \tOrdinal0 [0x00B71CA4+1121444]\nE   \tOrdinal0 [0x00B859E2+1202658]\nE   \tOrdinal0 [0x00B718A6+1120422]\nE   \tOrdinal0 [0x00B4A73D+960317]\nE   \tOrdinal0 [0x00B4B71F+964383]\nE   \tGetHandleVerifier [0x00F2E7E2+2743074]\nE   \tGetHandleVerifier [0x00F208D4+2685972]\nE   \tGetHandleVerifier [0x00D12BAA+532202]\nE   \tGetHandleVerifier [0x00D11990+527568]\nE   \tOrdinal0 [0x00C2080C+1837068]\nE   \tOrdinal0 [0x00C24CD8+1854680]\nE   \tOrdinal0 [0x00C24DC5+1854917]\nE   \tOrdinal0 [0x00C2ED64+1895780]\nE   \tBaseThreadInitThunk [0x76D4FA29+25]\nE   \tRtlGetAppContainerNamedObjectPath [0x77007A9E+286]\nE   \tRtlGetAppContainerNamedObjectPath [0x77007A6E+238]\n        exception_class = <class 'selenium.common.exceptions.ElementClickInterceptedException'>\n        json       = <module 'json' from 'C:\\\\Users\\\\Klukva\\\\AppData\\\\Local\\\\Programs\\\\Python\\\\Python310\\\\lib\\\\json\\\\__init__.py'>\n        message    = 'element click intercepted: Element <a href=\"https://test.qa.studio?products_group=sale\" class=\"tab-sale \">...</a> is ...would receive the click: <div class=\"catalog-toolbar-tabs__content\">...</div>\\n  (Session info: chrome=106.0.5249.119)'\n        response   = {'status': 400, 'value': '{\"value\":{\"error\":\"element click intercepted\",\"message\":\"element click intercepted: Element ...\\n\\\\tRtlGetAppContainerNamedObjectPath [0x77007A9E+286]\\\\n\\\\tRtlGetAppContainerNamedObjectPath [0x77007A6E+238]\\\\n\"}}'}\n        screen     = None\n        self       = <selenium.webdriver.remote.errorhandler.ErrorHandler object at 0x0000018B2ACAB0D0>\n        st_value   = 'Backtrace:\\n\\tOrdinal0 [0x00C81ED3+2236115]\\n\\tOrdinal0 [0x00C192F1+1807089]\\n\\tOrdinal0 [0x00B266FD+812797]\\n\\tOrdin...FA29+25]\\n\\tRtlGetAppContainerNamedObjectPath [0x77007A9E+286]\\n\\tRtlGetAppContainerNamedObjectPath [0x77007A6E+238]\\n'\n        stacktrace = ['Backtrace:', '\\tOrdinal0 [0x00C81ED3+2236115]', '\\tOrdinal0 [0x00C192F1+1807089]', '\\tOrdinal0 [0x00B266FD+812797]', '\\tOrdinal0 [0x00B5BEC7+1031879]', '\\tOrdinal0 [0x00B59E6C+1023596]', ...]\n        status     = 'element click intercepted'\n        value      = {'error': 'element click intercepted', 'message': 'element click intercepted: Element <a href=\"https://test.qa.studio?...A29+25]\\n\\tRtlGetAppContainerNamedObjectPath [0x77007A9E+286]\\n\\tRtlGetAppContainerNamedObjectPath [0x77007A6E+238]\\n'}\n        value_json = '{\"value\":{\"error\":\"element click intercepted\",\"message\":\"element click intercepted: Element \\\\u003Ca href=\\\\\"https://...\\\\n\\\\tRtlGetAppContainerNamedObjectPath [0x77007A9E+286]\\\\n\\\\tRtlGetAppContainerNamedObjectPath [0x77007A6E+238]\\\\n\"}}'"}, "description": "\n    Test case TC-2\n    ", "start": 1666268839230, "stop": 1666268844644, "uuid": "35faf476-5b01-4093-91dc-ae19abe40fd0", "historyId": "09ac6b905e7ac66417c95d86a058a7ca", "testCaseId": "4fdd6adba16e950b161eae73ef4ccb14", "fullName": "tests.test_shop#test_products_group", "labels": [{"name": "tag", "value": "@pytest.mark.xfail(reason='Wait for fix bug')"}, {"name": "parentSuite", "value": "tests"}, {"name": "suite", "value": "test_shop"}, {"name": "host", "value": "Klukva-ПК"}, {"name": "thread", "value": "13572-MainThread"}, {"name": "framework", "value": "pytest"}, {"name": "language", "value": "cpython3"}, {"name": "package", "value": "tests.test_shop"}]}