{"name": "test_count_of_all_products", "status": "broken", "statusDetails": {"message": "selenium.common.exceptions.TimeoutException: Message:", "trace": "tests\\test_shop.py:60: in test_count_of_all_products\n    WebDriverWait(browser, timeout=10, poll_frequency=2).until(EC.text_to_be_present_in_element(\n        browser    = <selenium.webdriver.chrome.webdriver.WebDriver (session=\"ab6d630df002d773f7a706d1c25bf4ae\")>\n..\\..\\AppData\\Local\\Programs\\Python\\Python310\\lib\\site-packages\\selenium\\webdriver\\support\\wait.py:90: in until\n    raise TimeoutException(message, screen, stacktrace)\nE   selenium.common.exceptions.TimeoutException: Message:\n        end_time   = 25855.718\n        message    = ''\n        method     = <function text_to_be_present_in_element.<locals>._predicate at 0x0000018B2B6C2B00>\n        screen     = None\n        self       = <selenium.webdriver.support.wait.WebDriverWait (session=\"ab6d630df002d773f7a706d1c25bf4ae\")>\n        stacktrace = None\n        value      = False"}, "description": "\n    Test case TC-3\n    ", "start": 1666268844985, "stop": 1666268856133, "uuid": "877732eb-dd36-4f63-8d17-94b867df989c", "historyId": "7f2f2c0789e4f8e5b3b27ede23903a70", "testCaseId": "fbaf36f5b8599b571268ed0e3d8725a7", "fullName": "tests.test_shop#test_count_of_all_products", "labels": [{"name": "parentSuite", "value": "tests"}, {"name": "suite", "value": "test_shop"}, {"name": "host", "value": "Klukva-ПК"}, {"name": "thread", "value": "13572-MainThread"}, {"name": "framework", "value": "pytest"}, {"name": "language", "value": "cpython3"}, {"name": "package", "value": "tests.test_shop"}]}