{"name": "test_right_way", "status": "skipped", "statusDetails": {"message": "XFAIL Wait for fix bug\n\nselenium.common.exceptions.TimeoutException: Message:", "trace": "tests\\test_shop.py:89: in test_right_way\n    WebDriverWait(browser, timeout=10, poll_frequency=1).until(\n        browser    = <selenium.webdriver.chrome.webdriver.WebDriver (session=\"2cd73f7f8a2376044b093ec9fb13f38a\")>\n        cart_is_visible = 'block'\n        product    = <selenium.webdriver.remote.webelement.WebElement (session=\"2cd73f7f8a2376044b093ec9fb13f38a\", element=\"1d6a3102-677e-4b7c-aa4f-996a74a14215\")>\n..\\..\\AppData\\Local\\Programs\\Python\\Python310\\lib\\site-packages\\selenium\\webdriver\\support\\wait.py:90: in until\n    raise TimeoutException(message, screen, stacktrace)\nE   selenium.common.exceptions.TimeoutException: Message:\n        end_time   = 10634.843\n        message    = ''\n        method     = <function url_to_be.<locals>._predicate at 0x00000207748E4E50>\n        screen     = None\n        self       = <selenium.webdriver.support.wait.WebDriverWait (session=\"2cd73f7f8a2376044b093ec9fb13f38a\")>\n        stacktrace = None\n        value      = False"}, "description": "\n    Test case TC-4\n    ", "start": 1666253619016, "stop": 1666253635185, "uuid": "2658e915-0173-4e49-af48-5cdaac5c5464", "historyId": "832350b147fac251f172289a626c5cba", "testCaseId": "7b8323124234f69a8fde1e3de50f452e", "fullName": "tests.test_shop#test_right_way", "labels": [{"name": "tag", "value": "@pytest.mark.xfail(reason='Wait for fix bug')"}, {"name": "parentSuite", "value": "tests"}, {"name": "suite", "value": "test_shop"}, {"name": "host", "value": "Klukva-ПК"}, {"name": "thread", "value": "12624-MainThread"}, {"name": "framework", "value": "pytest"}, {"name": "language", "value": "cpython3"}, {"name": "package", "value": "tests.test_shop"}]}