{"name": "test_right_way", "status": "skipped", "statusDetails": {"message": "XFAIL Wait for fix bug\n\nselenium.common.exceptions.TimeoutException: Message:", "trace": "tests\\test_shop.py:89: in test_right_way\n    WebDriverWait(browser, timeout=10, poll_frequency=1).until(\n        browser    = <selenium.webdriver.chrome.webdriver.WebDriver (session=\"ab6d630df002d773f7a706d1c25bf4ae\")>\n        cart_is_visible = 'block'\n        product    = <selenium.webdriver.remote.webelement.WebElement (session=\"ab6d630df002d773f7a706d1c25bf4ae\", element=\"bf43c923-e2ac-4e74-a07f-b173e27420df\")>\n..\\..\\AppData\\Local\\Programs\\Python\\Python310\\lib\\site-packages\\selenium\\webdriver\\support\\wait.py:90: in until\n    raise TimeoutException(message, screen, stacktrace)\nE   selenium.common.exceptions.TimeoutException: Message:\n        end_time   = 25871.984\n        message    = ''\n        method     = <function url_to_be.<locals>._predicate at 0x0000018B2AD18A60>\n        screen     = None\n        self       = <selenium.webdriver.support.wait.WebDriverWait (session=\"ab6d630df002d773f7a706d1c25bf4ae\")>\n        stacktrace = None\n        value      = False"}, "description": "\n    Test case TC-4\n    ", "start": 1666268856150, "stop": 1666268872471, "uuid": "9c2e9cde-5f83-40cf-b7a5-64b25975fcb8", "historyId": "832350b147fac251f172289a626c5cba", "testCaseId": "7b8323124234f69a8fde1e3de50f452e", "fullName": "tests.test_shop#test_right_way", "labels": [{"name": "tag", "value": "@pytest.mark.xfail(reason='Wait for fix bug')"}, {"name": "parentSuite", "value": "tests"}, {"name": "suite", "value": "test_shop"}, {"name": "host", "value": "Klukva-ПК"}, {"name": "thread", "value": "13572-MainThread"}, {"name": "framework", "value": "pytest"}, {"name": "language", "value": "cpython3"}, {"name": "package", "value": "tests.test_shop"}]}