{"name": "test_products_group", "status": "skipped", "statusDetails": {"message": "XFAIL Wait for fix bug\n\nselenium.common.exceptions.ElementClickInterceptedException: Message: element click intercepted: Element <a href=\"https://test.qa.studio?products_group=sale\" class=\"tab-sale \">...</a> is not clickable at point (623, 598). Other element would receive the click: <div class=\"catalog-toolbar-tabs__content\">...</div>\n  (Session info: chrome=106.0.5249.119)\nStacktrace:\nBacktrace:\n\tOrdinal0 [0x00C21ED3+2236115]\n\tOrdinal0 [0x00BB92F1+1807089]\n\tOrdinal0 [0x00AC66FD+812797]\n\tOrdinal0 [0x00AFBEC7+1031879]\n\tOrdinal0 [0x00AF9E6C+1023596]\n\tOrdinal0 [0x00AF7A5B+1014363]\n\tOrdinal0 [0x00AF66E7+1009383]\n\tOrdinal0 [0x00AEC416+967702]\n\tOrdinal0 [0x00B11A8C+1120908]\n\tOrdinal0 [0x00AEBD84+966020]\n\tOrdinal0 [0x00B11CA4+1121444]\n\tOrdinal0 [0x00B259E2+1202658]\n\tOrdinal0 [0x00B118A6+1120422]\n\tOrdinal0 [0x00AEA73D+960317]\n\tOrdinal0 [0x00AEB71F+964383]\n\tGetHandleVerifier [0x00ECE7E2+2743074]\n\tGetHandleVerifier [0x00EC08D4+2685972]\n\tGetHandleVerifier [0x00CB2BAA+532202]\n\tGetHandleVerifier [0x00CB1990+527568]\n\tOrdinal0 [0x00BC080C+1837068]\n\tOrdinal0 [0x00BC4CD8+1854680]\n\tOrdinal0 [0x00BC4DC5+1854917]\n\tOrdinal0 [0x00BCED64+1895780]\n\tBaseThreadInitThunk [0x76D4FA29+25]\n\tRtlGetAppContainerNamedObjectPath [0x77007A9E+286]\n\tRtlGetAppContainerNamedObjectPath [0x77007A6E+238]", "trace": "tests\\test_shop.py:46: in test_products_group\n    element.click()\n        browser    = <selenium.webdriver.chrome.webdriver.WebDriver (session=\"01ce384009115d9242d29519412b68b1\")>\n        element    = <selenium.webdriver.remote.webelement.WebElement (session=\"01ce384009115d9242d29519412b68b1\", element=\"b81f8738-fa74-4f24-913d-d76c6a3f8587\")>\n        elements   = [<selenium.webdriver.remote.webelement.WebElement (session=\"01ce384009115d9242d29519412b68b1\", element=\"a36aba70-7cc4-...te.webelement.WebElement (session=\"01ce384009115d9242d29519412b68b1\", element=\"5b69480e-a24a-456d-96ed-9df8498dc5f5\")>]\n        expected_menu = [('Все', '', \"[class='tab-all active']\"), ('Бестселлеры', '/?products_group=best_sellers', \"[class='tab-best_sellers '... '/?products_group=new', \"[class='tab-new ']\"), ('Распродажа товаров', '/?products_group=sale', \"[class='tab-sale ']\")]\n        item       = ('Распродажа товаров', '/?products_group=sale', \"[class='tab-sale ']\")\n        menu_element = \"[class='catalog-toolbar-tabs__content'] a\"\n..\\..\\AppData\\Local\\Programs\\Python\\Python310\\lib\\site-packages\\selenium\\webdriver\\remote\\webelement.py:88: in click\n    self._execute(Command.CLICK_ELEMENT)\n        self       = <selenium.webdriver.remote.webelement.WebElement (session=\"01ce384009115d9242d29519412b68b1\", element=\"b81f8738-fa74-4f24-913d-d76c6a3f8587\")>\n..\\..\\AppData\\Local\\Programs\\Python\\Python310\\lib\\site-packages\\selenium\\webdriver\\remote\\webelement.py:396: in _execute\n    return self._parent.execute(command, params)\n        command    = 'clickElement'\n        params     = {'id': 'b81f8738-fa74-4f24-913d-d76c6a3f8587', 'sessionId': '01ce384009115d9242d29519412b68b1'}\n        self       = <selenium.webdriver.remote.webelement.WebElement (session=\"01ce384009115d9242d29519412b68b1\", element=\"b81f8738-fa74-4f24-913d-d76c6a3f8587\")>\n..\\..\\AppData\\Local\\Programs\\Python\\Python310\\lib\\site-packages\\selenium\\webdriver\\remote\\webdriver.py:429: in execute\n    self.error_handler.check_response(response)\n        driver_command = 'clickElement'\n        params     = {'id': 'b81f8738-fa74-4f24-913d-d76c6a3f8587'}\n        response   = {'status': 400, 'value': '{\"value\":{\"error\":\"element click intercepted\",\"message\":\"element click intercepted: Element ...\\n\\\\tRtlGetAppContainerNamedObjectPath [0x77007A9E+286]\\\\n\\\\tRtlGetAppContainerNamedObjectPath [0x77007A6E+238]\\\\n\"}}'}\n        self       = <selenium.webdriver.chrome.webdriver.WebDriver (session=\"01ce384009115d9242d29519412b68b1\")>\n..\\..\\AppData\\Local\\Programs\\Python\\Python310\\lib\\site-packages\\selenium\\webdriver\\remote\\errorhandler.py:243: in check_response\n    raise exception_class(message, screen, stacktrace)\nE   selenium.common.exceptions.ElementClickInterceptedException: Message: element click intercepted: Element <a href=\"https://test.qa.studio?products_group=sale\" class=\"tab-sale \">...</a> is not clickable at point (623, 598). Other element would receive the click: <div class=\"catalog-toolbar-tabs__content\">...</div>\nE     (Session info: chrome=106.0.5249.119)\nE   Stacktrace:\nE   Backtrace:\nE   \tOrdinal0 [0x00C21ED3+2236115]\nE   \tOrdinal0 [0x00BB92F1+1807089]\nE   \tOrdinal0 [0x00AC66FD+812797]\nE   \tOrdinal0 [0x00AFBEC7+1031879]\nE   \tOrdinal0 [0x00AF9E6C+1023596]\nE   \tOrdinal0 [0x00AF7A5B+1014363]\nE   \tOrdinal0 [0x00AF66E7+1009383]\nE   \tOrdinal0 [0x00AEC416+967702]\nE   \tOrdinal0 [0x00B11A8C+1120908]\nE   \tOrdinal0 [0x00AEBD84+966020]\nE   \tOrdinal0 [0x00B11CA4+1121444]\nE   \tOrdinal0 [0x00B259E2+1202658]\nE   \tOrdinal0 [0x00B118A6+1120422]\nE   \tOrdinal0 [0x00AEA73D+960317]\nE   \tOrdinal0 [0x00AEB71F+964383]\nE   \tGetHandleVerifier [0x00ECE7E2+2743074]\nE   \tGetHandleVerifier [0x00EC08D4+2685972]\nE   \tGetHandleVerifier [0x00CB2BAA+532202]\nE   \tGetHandleVerifier [0x00CB1990+527568]\nE   \tOrdinal0 [0x00BC080C+1837068]\nE   \tOrdinal0 [0x00BC4CD8+1854680]\nE   \tOrdinal0 [0x00BC4DC5+1854917]\nE   \tOrdinal0 [0x00BCED64+1895780]\nE   \tBaseThreadInitThunk [0x76D4FA29+25]\nE   \tRtlGetAppContainerNamedObjectPath [0x77007A9E+286]\nE   \tRtlGetAppContainerNamedObjectPath [0x77007A6E+238]\n        exception_class = <class 'selenium.common.exceptions.ElementClickInterceptedException'>\n        json       = <module 'json' from 'C:\\\\Users\\\\Klukva\\\\AppData\\\\Local\\\\Programs\\\\Python\\\\Python310\\\\lib\\\\json\\\\__init__.py'>\n        message    = 'element click intercepted: Element <a href=\"https://test.qa.studio?products_group=sale\" class=\"tab-sale \">...</a> is ...would receive the click: <div class=\"catalog-toolbar-tabs__content\">...</div>\\n  (Session info: chrome=106.0.5249.119)'\n        response   = {'status': 400, 'value': '{\"value\":{\"error\":\"element click intercepted\",\"message\":\"element click intercepted: Element ...\\n\\\\tRtlGetAppContainerNamedObjectPath [0x77007A9E+286]\\\\n\\\\tRtlGetAppContainerNamedObjectPath [0x77007A6E+238]\\\\n\"}}'}\n        screen     = None\n        self       = <selenium.webdriver.remote.errorhandler.ErrorHandler object at 0x00000156265FEF50>\n        st_value   = 'Backtrace:\\n\\tOrdinal0 [0x00C21ED3+2236115]\\n\\tOrdinal0 [0x00BB92F1+1807089]\\n\\tOrdinal0 [0x00AC66FD+812797]\\n\\tOrdin...FA29+25]\\n\\tRtlGetAppContainerNamedObjectPath [0x77007A9E+286]\\n\\tRtlGetAppContainerNamedObjectPath [0x77007A6E+238]\\n'\n        stacktrace = ['Backtrace:', '\\tOrdinal0 [0x00C21ED3+2236115]', '\\tOrdinal0 [0x00BB92F1+1807089]', '\\tOrdinal0 [0x00AC66FD+812797]', '\\tOrdinal0 [0x00AFBEC7+1031879]', '\\tOrdinal0 [0x00AF9E6C+1023596]', ...]\n        status     = 'element click intercepted'\n        value      = {'error': 'element click intercepted', 'message': 'element click intercepted: Element <a href=\"https://test.qa.studio?...A29+25]\\n\\tRtlGetAppContainerNamedObjectPath [0x77007A9E+286]\\n\\tRtlGetAppContainerNamedObjectPath [0x77007A6E+238]\\n'}\n        value_json = '{\"value\":{\"error\":\"element click intercepted\",\"message\":\"element click intercepted: Element \\\\u003Ca href=\\\\\"https://...\\\\n\\\\tRtlGetAppContainerNamedObjectPath [0x77007A9E+286]\\\\n\\\\tRtlGetAppContainerNamedObjectPath [0x77007A6E+238]\\\\n\"}}'"}, "description": "\n    Test case TC-2\n    ", "start": 1666253175860, "stop": 1666253181012, "uuid": "39aef4c2-739f-4149-9d4d-1a5f45a1a974", "historyId": "09ac6b905e7ac66417c95d86a058a7ca", "testCaseId": "4fdd6adba16e950b161eae73ef4ccb14", "fullName": "tests.test_shop#test_products_group", "labels": [{"name": "tag", "value": "@pytest.mark.xfail(reason='Wait for fix bug')"}, {"name": "parentSuite", "value": "tests"}, {"name": "suite", "value": "test_shop"}, {"name": "host", "value": "Klukva-ПК"}, {"name": "thread", "value": "6288-MainThread"}, {"name": "framework", "value": "pytest"}, {"name": "language", "value": "cpython3"}, {"name": "package", "value": "tests.test_shop"}]}